<?xml version="1.0" encoding="UTF-8"?>
<!-- Generated by org.testng.reporters.JUnitReportReporter -->
<testsuite hostname="DESKTOP-V42TCMT" failures="0" tests="1" name="testScript.ManageCategoryTest" time="5.391" errors="0" timestamp="2025-05-15T13:52:13 IST" skipped="0">
  <testcase classname="testScript.ManageCategoryTest" name="verifyWhetherUserIsAbleToCreateNEwCategory" time="5.391"/>
</testsuite> <!-- testScript.ManageCategoryTest -->
