<?xml version="1.0" encoding="UTF-8"?>
<!-- Generated by org.testng.reporters.JUnitReportReporter -->
<testsuite hostname="DESKTOP-V42TCMT" failures="0" tests="2" name="testScript.AdminUserTest" time="10.388" errors="0" timestamp="2025-05-15T13:40:16 IST" skipped="0">
  <testcase classname="testScript.AdminUserTest" name="verifyAdmincanAddaNewUser" time="5.708"/>
  <testcase classname="testScript.AdminUserTest" name="verifyAdmincanSearchaUser" time="4.680"/>
</testsuite> <!-- testScript.AdminUserTest -->
