<?xml version="1.0" encoding="UTF-8"?>
<!-- Generated by org.testng.reporters.JUnitReportReporter -->
<testsuite hostname="DESKTOP-V42TCMT" failures="0" tests="1" name="testScript.LoginTest" time="6.105" errors="0" timestamp="2025-04-23T20:23:15 IST" skipped="0">
  <testcase classname="testScript.LoginTest" name="verifyUserLoginwithInvalidCredentials" time="6.105"/>
</testsuite> <!-- testScript.LoginTest -->
