<?xml version="1.0" encoding="UTF-8"?>
<!-- Generated by org.testng.reporters.JUnitReportReporter -->
<testsuite hostname="DESKTOP-V42TCMT" failures="0" tests="3" name="testScript.HomeTest" time="55.521" errors="0" timestamp="2025-05-06T21:08:20 IST" skipped="0">
  <testcase classname="testScript.HomeTest" name="verifyUsercanSuccessfullyLogoutAfterLogin" time="37.800"/>
  <testcase classname="testScript.HomeTest" name="verifyUsercanSuccessfullyLogoutAfterLogin" time="7.571"/>
  <testcase classname="testScript.HomeTest" name="verifyUsercanSuccessfullyLogoutAfterLogin" time="10.150"/>
</testsuite> <!-- testScript.HomeTest -->
