<?xml version="1.0" encoding="UTF-8"?>
<!-- Generated by org.testng.reporters.JUnitReportReporter -->
<testsuite hostname="DESKTOP-V42TCMT" failures="0" tests="1" name="testScript.ManageNewsTest" time="6.378" errors="0" timestamp="2025-05-02T06:22:37 IST" skipped="0">
  <testcase classname="testScript.ManageNewsTest" name="verifyUsercanSearchNews" time="6.378"/>
</testsuite> <!-- testScript.ManageNewsTest -->
