<?xml version="1.0" encoding="UTF-8"?>
<!-- Generated by org.testng.reporters.JUnitReportReporter -->
<testsuite hostname="DESKTOP-V42TCMT" failures="0" tests="2" name="testScript.ManageNewsTest" time="9.616" errors="0" timestamp="2025-05-05T19:25:49 IST" skipped="0">
  <testcase classname="testScript.ManageNewsTest" name="verifyUsercanAddNews" time="5.054"/>
  <testcase classname="testScript.ManageNewsTest" name="verifyUsercanSearchNews" time="4.562"/>
</testsuite> <!-- testScript.ManageNewsTest -->
