<?xml version="1.0" encoding="UTF-8"?>
<!-- Generated by org.testng.reporters.JUnitReportReporter -->
<testsuite hostname="DESKTOP-V42TCMT" failures="0" tests="4" name="testScript.LoginTest" time="17.357" errors="0" timestamp="2025-05-15T13:52:13 IST" skipped="0">
  <testcase classname="testScript.LoginTest" name="verifyUserLoginwithValidCredentials" time="4.955"/>
  <testcase classname="testScript.LoginTest" name="verifyUserLoginwithInvalidUsername" time="3.138"/>
  <testcase classname="testScript.LoginTest" name="verifyUserLoginwithInvalidPassword" time="3.793"/>
  <testcase classname="testScript.LoginTest" name="verifyUserLoginwithInvalidCredentials" time="5.471"/>
</testsuite> <!-- testScript.LoginTest -->
