<?xml version="1.0" encoding="UTF-8"?>
<!-- Generated by org.testng.reporters.JUnitReportReporter -->
<testsuite hostname="DESKTOP-V42TCMT" failures="0" tests="1" name="testScript.HomeTest" time="7.983" errors="0" timestamp="2025-05-05T20:58:55 IST" skipped="0">
  <testcase classname="testScript.HomeTest" name="verifyUsercanSuccessfullyLogoutAfterLogin" time="7.983"/>
</testsuite> <!-- testScript.HomeTest -->
