<?xml version="1.0" encoding="UTF-8"?>
<!-- Generated by org.testng.reporters.JUnitReportReporter -->
<testsuite hostname="DESKTOP-V42TCMT" failures="0" tests="1" name="testScript.ManageNewsTest" time="9.003" errors="0" timestamp="2025-05-06T18:27:08 IST" skipped="0">
  <testcase classname="testScript.ManageNewsTest" name="verifyUsercanAddNews" time="9.003"/>
</testsuite> <!-- testScript.ManageNewsTest -->
