<?xml version="1.0" encoding="UTF-8"?>
<!-- Generated by org.testng.reporters.JUnitReportReporter -->
<testsuite hostname="DESKTOP-V42TCMT" failures="0" tests="1" name="testScript.ManageProductTest" time="9.302" errors="0" timestamp="2025-05-05T19:25:48 IST" skipped="0">
  <testcase classname="testScript.ManageProductTest" name="verifyUsercanAddaProduct" time="9.302"/>
</testsuite> <!-- testScript.ManageProductTest -->
