<?xml version="1.0" encoding="UTF-8"?>
<!-- Generated by org.testng.reporters.JUnitReportReporter -->
<testsuite hostname="DESKTOP-V42TCMT" failures="0" tests="4" name="testScript.LoginTest" time="14.382" errors="0" timestamp="2025-05-15T13:40:16 IST" skipped="0">
  <testcase classname="testScript.LoginTest" name="verifyUserLoginwithValidCredentials" time="4.282"/>
  <testcase classname="testScript.LoginTest" name="verifyUserLoginwithInvalidUsername" time="3.204"/>
  <testcase classname="testScript.LoginTest" name="verifyUserLoginwithInvalidPassword" time="3.937"/>
  <testcase classname="testScript.LoginTest" name="verifyUserLoginwithInvalidCredentials" time="2.959"/>
</testsuite> <!-- testScript.LoginTest -->
