<?xml version="1.0" encoding="UTF-8"?>
<!-- Generated by org.testng.reporters.JUnitReportReporter -->
<testsuite hostname="DESKTOP-V42TCMT" failures="0" tests="1" name="testScript.AdminUserTest" time="9.388" errors="0" timestamp="2025-05-02T21:26:30 IST" skipped="0">
  <testcase classname="testScript.AdminUserTest" name="verifyAdmincanAddaNewUser" time="9.388"/>
</testsuite> <!-- testScript.AdminUserTest -->
