<?xml version="1.0" encoding="UTF-8"?>
<!-- Generated by org.testng.reporters.JUnitReportReporter -->
<testsuite hostname="DESKTOP-V42TCMT" failures="0" tests="1" name="testScript.AdminUserTest" time="5.920" errors="0" timestamp="2025-05-01T18:16:44 IST" skipped="0">
  <testcase classname="testScript.AdminUserTest" name="verifyAdmincanSearchaUser" time="5.920"/>
</testsuite> <!-- testScript.AdminUserTest -->
