<?xml version="1.0" encoding="UTF-8"?>
<!-- Generated by org.testng.reporters.JUnitReportReporter -->
<testsuite hostname="DESKTOP-V42TCMT" failures="0" tests="2" name="testScript.AdminUserTest" time="10.335" errors="0" timestamp="2025-05-05T19:25:49 IST" skipped="0">
  <testcase classname="testScript.AdminUserTest" name="verifyAdmincanAddaNewUser" time="5.176"/>
  <testcase classname="testScript.AdminUserTest" name="verifyAdmincanSearchaUser" time="5.159"/>
</testsuite> <!-- testScript.AdminUserTest -->
