<?xml version="1.0" encoding="UTF-8"?>
<!-- Generated by org.testng.reporters.JUnitReportReporter -->
<testsuite hostname="DESKTOP-V42TCMT" failures="0" tests="2" name="testScript.AdminUserTest" time="10.144" errors="0" timestamp="2025-05-15T13:52:13 IST" skipped="0">
  <testcase classname="testScript.AdminUserTest" name="verifyAdmincanAddaNewUser" time="5.631"/>
  <testcase classname="testScript.AdminUserTest" name="verifyAdmincanSearchaUser" time="4.513"/>
</testsuite> <!-- testScript.AdminUserTest -->
