<?xml version="1.0" encoding="UTF-8"?>
<!-- Generated by org.testng.reporters.JUnitReportReporter -->
<testsuite hostname="DESKTOP-V42TCMT" failures="0" tests="1" name="testScript.SubCategoryTest" time="9.668" errors="0" timestamp="2025-05-06T18:01:43 IST" skipped="0">
  <testcase classname="testScript.SubCategoryTest" name="verifyUsercanAddNewSubCategory" time="9.668"/>
</testsuite> <!-- testScript.SubCategoryTest -->
