<?xml version="1.0" encoding="UTF-8"?>
<!-- Generated by org.testng.reporters.JUnitReportReporter -->
<testsuite hostname="DESKTOP-V42TCMT" failures="0" tests="1" name="testScript.HomeTest" time="9.768" errors="0" timestamp="2025-05-09T20:43:55 IST" skipped="0">
  <testcase classname="testScript.HomeTest" name="verifyUsercanSuccessfullyLogoutAfterLogin" time="9.768"/>
</testsuite> <!-- testScript.HomeTest -->
