<?xml version="1.0" encoding="UTF-8"?>
<!-- Generated by org.testng.reporters.JUnitReportReporter -->
<testsuite hostname="DESKTOP-V42TCMT" failures="0" tests="1" name="testScript.LoginTest" time="4.676" errors="0" timestamp="2025-05-05T20:05:58 IST" skipped="0">
  <testcase classname="testScript.LoginTest" name="verifyUserLoginwithInvalidCredentials" time="4.676"/>
</testsuite> <!-- testScript.LoginTest -->
