<?xml version="1.0" encoding="UTF-8"?>
<!-- Generated by org.testng.reporters.JUnitReportReporter -->
<testsuite hostname="DESKTOP-V42TCMT" failures="0" tests="1" name="testScript.ManageCategoryTest" time="8.982" errors="0" timestamp="2025-05-05T20:26:19 IST" skipped="0">
  <testcase classname="testScript.ManageCategoryTest" name="verifyUsercanAddCategory" time="8.982"/>
</testsuite> <!-- testScript.ManageCategoryTest -->
