<?xml version="1.0" encoding="UTF-8"?>
<!-- Generated by org.testng.reporters.JUnitReportReporter -->
<testsuite hostname="DESKTOP-V42TCMT" failures="0" tests="1" name="testScript.LoginTest" time="9.767" errors="0" timestamp="2025-05-09T20:43:55 IST" skipped="0">
  <testcase classname="testScript.LoginTest" name="verifyUserLoginwithInvalidPassword" time="9.767"/>
</testsuite> <!-- testScript.LoginTest -->
