<?xml version="1.0" encoding="UTF-8"?>
<!-- Generated by org.testng.reporters.JUnitReportReporter -->
<testsuite hostname="DESKTOP-V42TCMT" failures="0" tests="4" name="testScript.LoginTest" time="16.519" errors="0" timestamp="2025-05-06T18:36:24 IST" skipped="0">
  <testcase classname="testScript.LoginTest" name="verifyUserLoginwithValidCredentials" time="4.167"/>
  <testcase classname="testScript.LoginTest" name="verifyUserLoginwithInvalidUsername" time="3.866"/>
  <testcase classname="testScript.LoginTest" name="verifyUserLoginwithInvalidPassword" time="4.954"/>
  <testcase classname="testScript.LoginTest" name="verifyUserLoginwithInvalidCredentials" time="3.532"/>
</testsuite> <!-- testScript.LoginTest -->
