<?xml version="1.0" encoding="UTF-8"?>
<!-- Generated by org.testng.reporters.JUnitReportReporter -->
<testsuite hostname="DESKTOP-V42TCMT" failures="0" tests="2" name="testScript.AdminUserTest" time="10.874" errors="0" timestamp="2025-05-06T18:36:24 IST" skipped="0">
  <testcase classname="testScript.AdminUserTest" name="verifyAdmincanAddaNewUser" time="5.808"/>
  <testcase classname="testScript.AdminUserTest" name="verifyAdmincanSearchaUser" time="5.066"/>
</testsuite> <!-- testScript.AdminUserTest -->
